<?xml version="1.0" encoding="UTF-8"?>
<coverage generated="1716936337566" clover="3.2.0">
  <project timestamp="1716936337566" name="All files">
    <metrics statements="120" coveredstatements="95" conditionals="50" coveredconditionals="32" methods="29" coveredmethods="21" elements="199" coveredelements="148" complexity="0" loc="120" ncloc="120" packages="5" files="12" classes="12"/>
    <package name="src">
      <metrics statements="2" coveredstatements="2" conditionals="0" coveredconditionals="0" methods="1" coveredmethods="1"/>
      <file name="App.tsx" path="/home/jakob/projects/liftLog/liftLogFrontend/src/App.tsx">
        <metrics statements="2" coveredstatements="2" conditionals="0" coveredconditionals="0" methods="1" coveredmethods="1"/>
        <line num="3" count="1" type="stmt"/>
        <line num="12" count="1" type="stmt"/>
      </file>
    </package>
    <package name="src.components.forms">
      <metrics statements="13" coveredstatements="10" conditionals="0" coveredconditionals="0" methods="4" coveredmethods="3"/>
      <file name="LoginForm.tsx" path="/home/jakob/projects/liftLog/liftLogFrontend/src/components/forms/LoginForm.tsx">
        <metrics statements="13" coveredstatements="10" conditionals="0" coveredconditionals="0" methods="4" coveredmethods="3"/>
        <line num="1" count="1" type="stmt"/>
        <line num="2" count="1" type="stmt"/>
        <line num="9" count="1" type="stmt"/>
        <line num="10" count="4" type="stmt"/>
        <line num="15" count="4" type="stmt"/>
        <line num="16" count="1" type="stmt"/>
        <line num="17" count="1" type="stmt"/>
        <line num="20" count="4" type="stmt"/>
        <line num="21" count="0" type="stmt"/>
        <line num="22" count="0" type="stmt"/>
        <line num="23" count="0" type="stmt"/>
        <line num="27" count="4" type="stmt"/>
        <line num="78" count="1" type="stmt"/>
      </file>
    </package>
    <package name="src.components.forms.SignupForm">
      <metrics statements="92" coveredstatements="75" conditionals="48" coveredconditionals="32" methods="19" coveredmethods="14"/>
      <file name="BodyTypeContainer.tsx" path="/home/jakob/projects/liftLog/liftLogFrontend/src/components/forms/SignupForm/BodyTypeContainer.tsx">
        <metrics statements="3" coveredstatements="3" conditionals="0" coveredconditionals="0" methods="1" coveredmethods="1"/>
        <line num="13" count="2" type="stmt"/>
        <line num="14" count="3" type="stmt"/>
        <line num="34" count="2" type="stmt"/>
      </file>
      <file name="BodyTypeForm.tsx" path="/home/jakob/projects/liftLog/liftLogFrontend/src/components/forms/SignupForm/BodyTypeForm.tsx">
        <metrics statements="9" coveredstatements="9" conditionals="0" coveredconditionals="0" methods="2" coveredmethods="2"/>
        <line num="3" count="2" type="stmt"/>
        <line num="4" count="2" type="stmt"/>
        <line num="5" count="2" type="stmt"/>
        <line num="7" count="2" type="stmt"/>
        <line num="17" count="2" type="stmt"/>
        <line num="23" count="2" type="stmt"/>
        <line num="25" count="1" type="stmt"/>
        <line num="30" count="3" type="stmt"/>
        <line num="36" count="2" type="stmt"/>
      </file>
      <file name="EmailPasswordForm.tsx" path="/home/jakob/projects/liftLog/liftLogFrontend/src/components/forms/SignupForm/EmailPasswordForm.tsx">
        <metrics statements="3" coveredstatements="2" conditionals="4" coveredconditionals="0" methods="1" coveredmethods="0"/>
        <line num="15" count="2" type="stmt"/>
        <line num="16" count="0" type="stmt"/>
        <line num="80" count="2" type="stmt"/>
      </file>
      <file name="FirsLastNameForm.tsx" path="/home/jakob/projects/liftLog/liftLogFrontend/src/components/forms/SignupForm/FirsLastNameForm.tsx">
        <metrics statements="3" coveredstatements="3" conditionals="0" coveredconditionals="0" methods="1" coveredmethods="1"/>
        <line num="12" count="2" type="stmt"/>
        <line num="13" count="17" type="stmt"/>
        <line num="54" count="2" type="stmt"/>
      </file>
      <file name="GoalContainer.tsx" path="/home/jakob/projects/liftLog/liftLogFrontend/src/components/forms/SignupForm/GoalContainer.tsx">
        <metrics statements="3" coveredstatements="2" conditionals="0" coveredconditionals="0" methods="1" coveredmethods="0"/>
        <line num="11" count="2" type="stmt"/>
        <line num="13" count="0" type="stmt"/>
        <line num="33" count="2" type="stmt"/>
      </file>
      <file name="GoalForm.tsx" path="/home/jakob/projects/liftLog/liftLogFrontend/src/components/forms/SignupForm/GoalForm.tsx">
        <metrics statements="6" coveredstatements="4" conditionals="0" coveredconditionals="0" methods="2" coveredmethods="0"/>
        <line num="2" count="2" type="stmt"/>
        <line num="12" count="2" type="stmt"/>
        <line num="20" count="2" type="stmt"/>
        <line num="21" count="0" type="stmt"/>
        <line num="27" count="0" type="stmt"/>
        <line num="33" count="2" type="stmt"/>
      </file>
      <file name="HeightWeightForm.tsx" path="/home/jakob/projects/liftLog/liftLogFrontend/src/components/forms/SignupForm/HeightWeightForm.tsx">
        <metrics statements="3" coveredstatements="3" conditionals="6" coveredconditionals="6" methods="1" coveredmethods="1"/>
        <line num="15" count="2" type="stmt"/>
        <line num="17" count="20" type="stmt"/>
        <line num="92" count="2" type="stmt"/>
      </file>
      <file name="SignupForm.tsx" path="/home/jakob/projects/liftLog/liftLogFrontend/src/components/forms/SignupForm/SignupForm.tsx">
        <metrics statements="62" coveredstatements="49" conditionals="38" coveredconditionals="26" methods="10" coveredmethods="9"/>
        <line num="1" count="2" type="stmt"/>
        <line num="3" count="2" type="stmt"/>
        <line num="5" count="2" type="stmt"/>
        <line num="6" count="2" type="stmt"/>
        <line num="7" count="2" type="stmt"/>
        <line num="8" count="2" type="stmt"/>
        <line num="9" count="2" type="stmt"/>
        <line num="34" count="2" type="stmt"/>
        <line num="35" count="52" type="stmt"/>
        <line num="48" count="52" type="stmt"/>
        <line num="49" count="52" type="stmt"/>
        <line num="51" count="52" type="stmt"/>
        <line num="52" count="104" type="stmt"/>
        <line num="55" count="52" type="stmt"/>
        <line num="56" count="22" type="stmt"/>
        <line num="58" count="22" type="stmt"/>
        <line num="60" count="22" type="stmt"/>
        <line num="63" count="52" type="stmt"/>
        <line num="64" count="6" type="stmt"/>
        <line num="66" count="6" type="cond" truecount="1" falsecount="0"/>
        <line num="68" count="0" type="cond" truecount="0" falsecount="2"/>
        <line num="70" count="0" type="cond" truecount="0" falsecount="1"/>
        <line num="71" count="0" type="stmt"/>
        <line num="72" count="0" type="stmt"/>
        <line num="73" count="0" type="stmt"/>
        <line num="79" count="52" type="stmt"/>
        <line num="80" count="22" type="stmt"/>
        <line num="82" count="22" type="cond" truecount="2" falsecount="0"/>
        <line num="83" count="4" type="stmt"/>
        <line num="84" count="4" type="cond" truecount="4" falsecount="0"/>
        <line num="85" count="3" type="stmt"/>
        <line num="87" count="1" type="stmt"/>
        <line num="89" count="18" type="cond" truecount="2" falsecount="0"/>
        <line num="90" count="4" type="stmt"/>
        <line num="91" count="4" type="cond" truecount="4" falsecount="0"/>
        <line num="92" count="3" type="stmt"/>
        <line num="94" count="1" type="stmt"/>
        <line num="96" count="14" type="cond" truecount="2" falsecount="0"/>
        <line num="97" count="4" type="stmt"/>
        <line num="98" count="4" type="cond" truecount="2" falsecount="0"/>
        <line num="99" count="2" type="stmt"/>
        <line num="100" count="2" type="cond" truecount="2" falsecount="0"/>
        <line num="101" count="1" type="stmt"/>
        <line num="103" count="1" type="stmt"/>
        <line num="105" count="10" type="cond" truecount="1" falsecount="1"/>
        <line num="106" count="0" type="stmt"/>
        <line num="107" count="0" type="cond" truecount="0" falsecount="2"/>
        <line num="108" count="0" type="stmt"/>
        <line num="110" count="0" type="stmt"/>
        <line num="112" count="10" type="cond" truecount="1" falsecount="1"/>
        <line num="113" count="0" type="stmt"/>
        <line num="114" count="0" type="cond" truecount="0" falsecount="4"/>
        <line num="115" count="0" type="stmt"/>
        <line num="117" count="0" type="stmt"/>
        <line num="120" count="10" type="stmt"/>
        <line num="123" count="12" type="stmt"/>
        <line num="126" count="52" type="stmt"/>
        <line num="127" count="19" type="cond" truecount="2" falsecount="0"/>
        <line num="128" count="19" type="stmt"/>
        <line num="131" count="52" type="stmt"/>
        <line num="141" count="52" type="stmt"/>
        <line num="205" count="2" type="stmt"/>
      </file>
    </package>
    <package name="src.hooks">
      <metrics statements="12" coveredstatements="7" conditionals="2" coveredconditionals="0" methods="5" coveredmethods="3"/>
      <file name="useMultistepForm.ts" path="/home/jakob/projects/liftLog/liftLogFrontend/src/hooks/useMultistepForm.ts">
        <metrics statements="12" coveredstatements="7" conditionals="2" coveredconditionals="0" methods="5" coveredmethods="3"/>
        <line num="1" count="2" type="stmt"/>
        <line num="4" count="52" type="stmt"/>
        <line num="7" count="6" type="stmt"/>
        <line num="9" count="6" type="cond" truecount="0" falsecount="1"/>
        <line num="10" count="0" type="stmt"/>
        <line num="13" count="6" type="stmt"/>
        <line num="18" count="0" type="stmt"/>
        <line num="20" count="0" type="cond" truecount="0" falsecount="1"/>
        <line num="21" count="0" type="stmt"/>
        <line num="24" count="0" type="stmt"/>
        <line num="28" count="52" type="stmt"/>
        <line num="37" count="2" type="stmt"/>
      </file>
    </package>
    <package name="src.tests.mocks">
      <metrics statements="1" coveredstatements="1" conditionals="0" coveredconditionals="0" methods="0" coveredmethods="0"/>
      <file name="fileMock.ts" path="/home/jakob/projects/liftLog/liftLogFrontend/src/tests/mocks/fileMock.ts">
        <metrics statements="1" coveredstatements="1" conditionals="0" coveredconditionals="0" methods="0" coveredmethods="0"/>
        <line num="1" count="2" type="stmt"/>
      </file>
    </package>
  </project>
</coverage>
