{"/home/jakob/projects/liftLog/liftLogFrontend/src/App.tsx": {"path":"/home/jakob/projects/liftLog/liftLogFrontend/src/App.tsx","statementMap":{"0":{"start":{"line":3,"column":2},"end":{"line":9,"column":4}},"1":{"start":{"line":12,"column":0},"end":{"line":12,"column":19}}},"fnMap":{"0":{"name":"App","decl":{"start":{"line":1,"column":9},"end":{"line":1,"column":12}},"loc":{"start":{"line":1,"column":12},"end":{"line":10,"column":1}}}},"branchMap":{},"s":{"0":1,"1":1},"f":{"0":1},"b":{}}
,"/home/jakob/projects/liftLog/liftLogFrontend/src/components/forms/LoginForm.tsx": {"path":"/home/jakob/projects/liftLog/liftLogFrontend/src/components/forms/LoginForm.tsx","statementMap":{"0":{"start":{"line":1,"column":0},"end":{"line":1,"column":44}},"1":{"start":{"line":2,"column":0},"end":{"line":2,"column":40}},"2":{"start":{"line":9,"column":22},"end":{"line":76,"column":1}},"3":{"start":{"line":10,"column":36},"end":{"line":13,"column":6}},"4":{"start":{"line":15,"column":25},"end":{"line":18,"column":5}},"5":{"start":{"line":16,"column":32},"end":{"line":16,"column":40}},"6":{"start":{"line":17,"column":8},"end":{"line":17,"column":70}},"7":{"start":{"line":17,"column":36},"end":{"line":17,"column":67}},"8":{"start":{"line":20,"column":25},"end":{"line":25,"column":5}},"9":{"start":{"line":21,"column":8},"end":{"line":21,"column":27}},"10":{"start":{"line":22,"column":8},"end":{"line":22,"column":44}},"11":{"start":{"line":23,"column":8},"end":{"line":23,"column":30}},"12":{"start":{"line":27,"column":4},"end":{"line":75,"column":6}},"13":{"start":{"line":78,"column":0},"end":{"line":78,"column":25}}},"fnMap":{"0":{"name":"(anonymous_0)","decl":{"start":{"line":9,"column":22},"end":{"line":9,"column":25}},"loc":{"start":{"line":9,"column":27},"end":{"line":76,"column":1}}},"1":{"name":"(anonymous_1)","decl":{"start":{"line":15,"column":25},"end":{"line":15,"column":26}},"loc":{"start":{"line":15,"column":68},"end":{"line":18,"column":5}}},"2":{"name":"(anonymous_2)","decl":{"start":{"line":17,"column":20},"end":{"line":17,"column":21}},"loc":{"start":{"line":17,"column":36},"end":{"line":17,"column":67}}},"3":{"name":"(anonymous_3)","decl":{"start":{"line":20,"column":25},"end":{"line":20,"column":26}},"loc":{"start":{"line":20,"column":65},"end":{"line":25,"column":5}}}},"branchMap":{},"s":{"0":1,"1":1,"2":1,"3":4,"4":4,"5":1,"6":1,"7":1,"8":4,"9":0,"10":0,"11":0,"12":4,"13":1},"f":{"0":4,"1":1,"2":1,"3":0},"b":{}}
,"/home/jakob/projects/liftLog/liftLogFrontend/src/components/forms/SignupForm/BodyTypeContainer.tsx": {"path":"/home/jakob/projects/liftLog/liftLogFrontend/src/components/forms/SignupForm/BodyTypeContainer.tsx","statementMap":{"0":{"start":{"line":13,"column":54},"end":{"line":33,"column":1}},"1":{"start":{"line":14,"column":4},"end":{"line":32,"column":null}},"2":{"start":{"line":35,"column":0},"end":{"line":35,"column":33}}},"fnMap":{"0":{"name":"(anonymous_0)","decl":{"start":{"line":13,"column":54},"end":{"line":13,"column":55}},"loc":{"start":{"line":13,"column":98},"end":{"line":33,"column":1}}}},"branchMap":{},"s":{"0":2,"1":45,"2":2},"f":{"0":45},"b":{}}
,"/home/jakob/projects/liftLog/liftLogFrontend/src/components/forms/SignupForm/BodyTypeForm.tsx": {"path":"/home/jakob/projects/liftLog/liftLogFrontend/src/components/forms/SignupForm/BodyTypeForm.tsx","statementMap":{"0":{"start":{"line":3,"column":0},"end":{"line":3,"column":62}},"1":{"start":{"line":4,"column":0},"end":{"line":4,"column":62}},"2":{"start":{"line":5,"column":0},"end":{"line":5,"column":62}},"3":{"start":{"line":7,"column":0},"end":{"line":7,"column":52}},"4":{"start":{"line":17,"column":38},"end":{"line":21,"column":null}},"5":{"start":{"line":23,"column":40},"end":{"line":34,"column":1}},"6":{"start":{"line":25,"column":4},"end":{"line":33,"column":null}},"7":{"start":{"line":30,"column":16},"end":{"line":30,"column":131}},"8":{"start":{"line":36,"column":0},"end":{"line":36,"column":28}}},"fnMap":{"0":{"name":"(anonymous_1)","decl":{"start":{"line":23,"column":40},"end":{"line":23,"column":41}},"loc":{"start":{"line":23,"column":61},"end":{"line":34,"column":1}}},"1":{"name":"(anonymous_2)","decl":{"start":{"line":29,"column":35},"end":{"line":29,"column":36}},"loc":{"start":{"line":29,"column":47},"end":{"line":31,"column":13}}}},"branchMap":{},"s":{"0":2,"1":2,"2":2,"3":2,"4":2,"5":2,"6":15,"7":45,"8":2},"f":{"0":15,"1":45},"b":{}}
,"/home/jakob/projects/liftLog/liftLogFrontend/src/components/forms/SignupForm/EmailPasswordForm.tsx": {"path":"/home/jakob/projects/liftLog/liftLogFrontend/src/components/forms/SignupForm/EmailPasswordForm.tsx","statementMap":{"0":{"start":{"line":15,"column":50},"end":{"line":78,"column":1}},"1":{"start":{"line":16,"column":4},"end":{"line":77,"column":null}},"2":{"start":{"line":80,"column":0},"end":{"line":80,"column":33}}},"fnMap":{"0":{"name":"(anonymous_0)","decl":{"start":{"line":15,"column":50},"end":{"line":15,"column":51}},"loc":{"start":{"line":15,"column":106},"end":{"line":78,"column":1}}}},"branchMap":{"0":{"loc":{"start":{"line":56,"column":13},"end":{"line":56,"column":56}},"type":"binary-expr","locations":[{"start":{"line":56,"column":13},"end":{"line":56,"column":25}},{"start":{"line":56,"column":29},"end":{"line":56,"column":56}}]},"1":{"loc":{"start":{"line":75,"column":13},"end":{"line":75,"column":62}},"type":"binary-expr","locations":[{"start":{"line":75,"column":13},"end":{"line":75,"column":28}},{"start":{"line":75,"column":32},"end":{"line":75,"column":62}}]}},"s":{"0":2,"1":11,"2":2},"f":{"0":11},"b":{"0":[11,3],"1":[11,1]}}
,"/home/jakob/projects/liftLog/liftLogFrontend/src/components/forms/SignupForm/FirsLastNameForm.tsx": {"path":"/home/jakob/projects/liftLog/liftLogFrontend/src/components/forms/SignupForm/FirsLastNameForm.tsx","statementMap":{"0":{"start":{"line":12,"column":48},"end":{"line":52,"column":1}},"1":{"start":{"line":13,"column":4},"end":{"line":51,"column":null}},"2":{"start":{"line":54,"column":0},"end":{"line":54,"column":32}}},"fnMap":{"0":{"name":"(anonymous_0)","decl":{"start":{"line":12,"column":48},"end":{"line":12,"column":49}},"loc":{"start":{"line":12,"column":90},"end":{"line":52,"column":1}}}},"branchMap":{},"s":{"0":2,"1":35,"2":2},"f":{"0":35},"b":{}}
,"/home/jakob/projects/liftLog/liftLogFrontend/src/components/forms/SignupForm/GoalContainer.tsx": {"path":"/home/jakob/projects/liftLog/liftLogFrontend/src/components/forms/SignupForm/GoalContainer.tsx","statementMap":{"0":{"start":{"line":11,"column":46},"end":{"line":32,"column":1}},"1":{"start":{"line":13,"column":4},"end":{"line":31,"column":null}},"2":{"start":{"line":34,"column":0},"end":{"line":34,"column":29}}},"fnMap":{"0":{"name":"(anonymous_0)","decl":{"start":{"line":11,"column":46},"end":{"line":11,"column":47}},"loc":{"start":{"line":11,"column":73},"end":{"line":32,"column":1}}}},"branchMap":{},"s":{"0":2,"1":70,"2":2},"f":{"0":70},"b":{}}
,"/home/jakob/projects/liftLog/liftLogFrontend/src/components/forms/SignupForm/GoalForm.tsx": {"path":"/home/jakob/projects/liftLog/liftLogFrontend/src/components/forms/SignupForm/GoalForm.tsx","statementMap":{"0":{"start":{"line":2,"column":0},"end":{"line":2,"column":44}},"1":{"start":{"line":12,"column":21},"end":{"line":18,"column":null}},"2":{"start":{"line":20,"column":36},"end":{"line":31,"column":1}},"3":{"start":{"line":21,"column":4},"end":{"line":30,"column":null}},"4":{"start":{"line":27,"column":16},"end":{"line":27,"column":89}},"5":{"start":{"line":33,"column":0},"end":{"line":33,"column":24}}},"fnMap":{"0":{"name":"(anonymous_1)","decl":{"start":{"line":20,"column":36},"end":{"line":20,"column":37}},"loc":{"start":{"line":20,"column":57},"end":{"line":31,"column":1}}},"1":{"name":"(anonymous_2)","decl":{"start":{"line":26,"column":30},"end":{"line":26,"column":31}},"loc":{"start":{"line":26,"column":42},"end":{"line":28,"column":13}}}},"branchMap":{},"s":{"0":2,"1":2,"2":2,"3":14,"4":70,"5":2},"f":{"0":14,"1":70},"b":{}}
,"/home/jakob/projects/liftLog/liftLogFrontend/src/components/forms/SignupForm/HeightWeightForm.tsx": {"path":"/home/jakob/projects/liftLog/liftLogFrontend/src/components/forms/SignupForm/HeightWeightForm.tsx","statementMap":{"0":{"start":{"line":15,"column":48},"end":{"line":90,"column":1}},"1":{"start":{"line":17,"column":4},"end":{"line":89,"column":null}},"2":{"start":{"line":92,"column":0},"end":{"line":92,"column":32}}},"fnMap":{"0":{"name":"(anonymous_0)","decl":{"start":{"line":15,"column":48},"end":{"line":15,"column":49}},"loc":{"start":{"line":15,"column":111},"end":{"line":90,"column":1}}}},"branchMap":{"0":{"loc":{"start":{"line":63,"column":13},"end":{"line":63,"column":66}},"type":"binary-expr","locations":[{"start":{"line":63,"column":13},"end":{"line":63,"column":30}},{"start":{"line":63,"column":34},"end":{"line":63,"column":66}}]},"1":{"loc":{"start":{"line":64,"column":13},"end":{"line":64,"column":70}},"type":"binary-expr","locations":[{"start":{"line":64,"column":13},"end":{"line":64,"column":32}},{"start":{"line":64,"column":36},"end":{"line":64,"column":70}}]},"2":{"loc":{"start":{"line":87,"column":13},"end":{"line":87,"column":58}},"type":"binary-expr","locations":[{"start":{"line":87,"column":13},"end":{"line":87,"column":26}},{"start":{"line":87,"column":30},"end":{"line":87,"column":58}}]}},"s":{"0":2,"1":44,"2":2},"f":{"0":44},"b":{"0":[44,12],"1":[44,6],"2":[44,3]}}
,"/home/jakob/projects/liftLog/liftLogFrontend/src/components/forms/SignupForm/SignupForm.tsx": {"path":"/home/jakob/projects/liftLog/liftLogFrontend/src/components/forms/SignupForm/SignupForm.tsx","statementMap":{"0":{"start":{"line":1,"column":0},"end":{"line":1,"column":55}},"1":{"start":{"line":3,"column":0},"end":{"line":3,"column":63}},"2":{"start":{"line":5,"column":0},"end":{"line":5,"column":50}},"3":{"start":{"line":6,"column":0},"end":{"line":6,"column":50}},"4":{"start":{"line":7,"column":0},"end":{"line":7,"column":42}},"5":{"start":{"line":8,"column":0},"end":{"line":8,"column":35}},"6":{"start":{"line":9,"column":0},"end":{"line":9,"column":52}},"7":{"start":{"line":34,"column":23},"end":{"line":203,"column":1}},"8":{"start":{"line":35,"column":36},"end":{"line":46,"column":6}},"9":{"start":{"line":48,"column":32},"end":{"line":48,"column":60}},"10":{"start":{"line":49,"column":38},"end":{"line":49,"column":61}},"11":{"start":{"line":51,"column":38},"end":{"line":53,"column":5}},"12":{"start":{"line":52,"column":8},"end":{"line":52,"column":56}},"13":{"start":{"line":55,"column":25},"end":{"line":61,"column":5}},"14":{"start":{"line":56,"column":32},"end":{"line":56,"column":40}},"15":{"start":{"line":58,"column":8},"end":{"line":58,"column":34}},"16":{"start":{"line":60,"column":8},"end":{"line":60,"column":70}},"17":{"start":{"line":60,"column":36},"end":{"line":60,"column":67}},"18":{"start":{"line":63,"column":25},"end":{"line":77,"column":5}},"19":{"start":{"line":64,"column":8},"end":{"line":64,"column":27}},"20":{"start":{"line":66,"column":8},"end":{"line":66,"column":60}},"21":{"start":{"line":66,"column":46},"end":{"line":66,"column":60}},"22":{"start":{"line":68,"column":26},"end":{"line":68,"column":98}},"23":{"start":{"line":68,"column":62},"end":{"line":68,"column":97}},"24":{"start":{"line":70,"column":8},"end":{"line":75,"column":9}},"25":{"start":{"line":71,"column":12},"end":{"line":71,"column":48}},"26":{"start":{"line":72,"column":12},"end":{"line":72,"column":null}},"27":{"start":{"line":73,"column":12},"end":{"line":73,"column":34}},"28":{"start":{"line":79,"column":25},"end":{"line":124,"column":5}},"29":{"start":{"line":80,"column":28},"end":{"line":80,"column":30}},"30":{"start":{"line":82,"column":8},"end":{"line":121,"column":9}},"31":{"start":{"line":83,"column":25},"end":{"line":83,"column":38}},"32":{"start":{"line":84,"column":12},"end":{"line":88,"column":13}},"33":{"start":{"line":85,"column":16},"end":{"line":85,"column":57}},"34":{"start":{"line":87,"column":16},"end":{"line":87,"column":27}},"35":{"start":{"line":89,"column":15},"end":{"line":121,"column":9}},"36":{"start":{"line":90,"column":27},"end":{"line":90,"column":40}},"37":{"start":{"line":91,"column":12},"end":{"line":95,"column":13}},"38":{"start":{"line":92,"column":16},"end":{"line":92,"column":60}},"39":{"start":{"line":94,"column":16},"end":{"line":94,"column":27}},"40":{"start":{"line":96,"column":15},"end":{"line":121,"column":9}},"41":{"start":{"line":97,"column":27},"end":{"line":97,"column":40}},"42":{"start":{"line":98,"column":12},"end":{"line":104,"column":13}},"43":{"start":{"line":99,"column":16},"end":{"line":99,"column":70}},"44":{"start":{"line":100,"column":19},"end":{"line":104,"column":13}},"45":{"start":{"line":101,"column":16},"end":{"line":101,"column":71}},"46":{"start":{"line":103,"column":16},"end":{"line":103,"column":27}},"47":{"start":{"line":105,"column":15},"end":{"line":121,"column":9}},"48":{"start":{"line":106,"column":35},"end":{"line":106,"column":72}},"49":{"start":{"line":107,"column":12},"end":{"line":111,"column":13}},"50":{"start":{"line":108,"column":16},"end":{"line":108,"column":63}},"51":{"start":{"line":110,"column":16},"end":{"line":110,"column":27}},"52":{"start":{"line":112,"column":15},"end":{"line":121,"column":9}},"53":{"start":{"line":113,"column":35},"end":{"line":113,"column":50}},"54":{"start":{"line":114,"column":12},"end":{"line":118,"column":13}},"55":{"start":{"line":115,"column":16},"end":{"line":115,"column":84}},"56":{"start":{"line":117,"column":16},"end":{"line":117,"column":27}},"57":{"start":{"line":120,"column":12},"end":{"line":120,"column":19}},"58":{"start":{"line":123,"column":8},"end":{"line":123,"column":68}},"59":{"start":{"line":123,"column":34},"end":{"line":123,"column":65}},"60":{"start":{"line":126,"column":4},"end":{"line":129,"column":17}},"61":{"start":{"line":127,"column":33},"end":{"line":127,"column":105}},"62":{"start":{"line":127,"column":69},"end":{"line":127,"column":104}},"63":{"start":{"line":128,"column":8},"end":{"line":128,"column":40}},"64":{"start":{"line":131,"column":53},"end":{"line":138,"column":null}},"65":{"start":{"line":141,"column":4},"end":{"line":202,"column":6}},"66":{"start":{"line":205,"column":0},"end":{"line":205,"column":26}}},"fnMap":{"0":{"name":"(anonymous_1)","decl":{"start":{"line":34,"column":23},"end":{"line":34,"column":26}},"loc":{"start":{"line":34,"column":28},"end":{"line":203,"column":1}}},"1":{"name":"(anonymous_2)","decl":{"start":{"line":51,"column":38},"end":{"line":51,"column":41}},"loc":{"start":{"line":51,"column":43},"end":{"line":53,"column":5}}},"2":{"name":"(anonymous_3)","decl":{"start":{"line":55,"column":25},"end":{"line":55,"column":26}},"loc":{"start":{"line":55,"column":68},"end":{"line":61,"column":5}}},"3":{"name":"(anonymous_4)","decl":{"start":{"line":60,"column":20},"end":{"line":60,"column":21}},"loc":{"start":{"line":60,"column":36},"end":{"line":60,"column":67}}},"4":{"name":"(anonymous_5)","decl":{"start":{"line":63,"column":25},"end":{"line":63,"column":26}},"loc":{"start":{"line":63,"column":65},"end":{"line":77,"column":5}}},"5":{"name":"(anonymous_6)","decl":{"start":{"line":68,"column":53},"end":{"line":68,"column":58}},"loc":{"start":{"line":68,"column":62},"end":{"line":68,"column":97}}},"6":{"name":"(anonymous_7)","decl":{"start":{"line":79,"column":25},"end":{"line":79,"column":26}},"loc":{"start":{"line":79,"column":66},"end":{"line":124,"column":5}}},"7":{"name":"(anonymous_8)","decl":{"start":{"line":123,"column":18},"end":{"line":123,"column":19}},"loc":{"start":{"line":123,"column":34},"end":{"line":123,"column":65}}},"8":{"name":"(anonymous_9)","decl":{"start":{"line":126,"column":14},"end":{"line":126,"column":17}},"loc":{"start":{"line":126,"column":19},"end":{"line":129,"column":5}}},"9":{"name":"(anonymous_10)","decl":{"start":{"line":127,"column":60},"end":{"line":127,"column":65}},"loc":{"start":{"line":127,"column":69},"end":{"line":127,"column":104}}}},"branchMap":{"0":{"loc":{"start":{"line":66,"column":8},"end":{"line":66,"column":60}},"type":"if","locations":[{"start":{"line":66,"column":8},"end":{"line":66,"column":60}}]},"1":{"loc":{"start":{"line":68,"column":62},"end":{"line":68,"column":97}},"type":"binary-expr","locations":[{"start":{"line":68,"column":62},"end":{"line":68,"column":81}},{"start":{"line":68,"column":85},"end":{"line":68,"column":97}}]},"2":{"loc":{"start":{"line":70,"column":8},"end":{"line":75,"column":9}},"type":"if","locations":[{"start":{"line":70,"column":8},"end":{"line":75,"column":9}}]},"3":{"loc":{"start":{"line":82,"column":8},"end":{"line":121,"column":9}},"type":"if","locations":[{"start":{"line":82,"column":8},"end":{"line":121,"column":9}},{"start":{"line":89,"column":15},"end":{"line":121,"column":9}}]},"4":{"loc":{"start":{"line":84,"column":12},"end":{"line":88,"column":13}},"type":"if","locations":[{"start":{"line":84,"column":12},"end":{"line":88,"column":13}},{"start":{"line":86,"column":19},"end":{"line":88,"column":13}}]},"5":{"loc":{"start":{"line":84,"column":16},"end":{"line":84,"column":36}},"type":"binary-expr","locations":[{"start":{"line":84,"column":16},"end":{"line":84,"column":24}},{"start":{"line":84,"column":28},"end":{"line":84,"column":36}}]},"6":{"loc":{"start":{"line":89,"column":15},"end":{"line":121,"column":9}},"type":"if","locations":[{"start":{"line":89,"column":15},"end":{"line":121,"column":9}},{"start":{"line":96,"column":15},"end":{"line":121,"column":9}}]},"7":{"loc":{"start":{"line":91,"column":12},"end":{"line":95,"column":13}},"type":"if","locations":[{"start":{"line":91,"column":12},"end":{"line":95,"column":13}},{"start":{"line":93,"column":19},"end":{"line":95,"column":13}}]},"8":{"loc":{"start":{"line":91,"column":16},"end":{"line":91,"column":41}},"type":"binary-expr","locations":[{"start":{"line":91,"column":16},"end":{"line":91,"column":27}},{"start":{"line":91,"column":31},"end":{"line":91,"column":41}}]},"9":{"loc":{"start":{"line":96,"column":15},"end":{"line":121,"column":9}},"type":"if","locations":[{"start":{"line":96,"column":15},"end":{"line":121,"column":9}},{"start":{"line":105,"column":15},"end":{"line":121,"column":9}}]},"10":{"loc":{"start":{"line":98,"column":12},"end":{"line":104,"column":13}},"type":"if","locations":[{"start":{"line":98,"column":12},"end":{"line":104,"column":13}},{"start":{"line":100,"column":19},"end":{"line":104,"column":13}}]},"11":{"loc":{"start":{"line":100,"column":19},"end":{"line":104,"column":13}},"type":"if","locations":[{"start":{"line":100,"column":19},"end":{"line":104,"column":13}},{"start":{"line":102,"column":19},"end":{"line":104,"column":13}}]},"12":{"loc":{"start":{"line":105,"column":15},"end":{"line":121,"column":9}},"type":"if","locations":[{"start":{"line":105,"column":15},"end":{"line":121,"column":9}},{"start":{"line":112,"column":15},"end":{"line":121,"column":9}}]},"13":{"loc":{"start":{"line":107,"column":12},"end":{"line":111,"column":13}},"type":"if","locations":[{"start":{"line":107,"column":12},"end":{"line":111,"column":13}},{"start":{"line":109,"column":19},"end":{"line":111,"column":13}}]},"14":{"loc":{"start":{"line":112,"column":15},"end":{"line":121,"column":9}},"type":"if","locations":[{"start":{"line":112,"column":15},"end":{"line":121,"column":9}},{"start":{"line":119,"column":15},"end":{"line":121,"column":9}}]},"15":{"loc":{"start":{"line":114,"column":12},"end":{"line":118,"column":13}},"type":"if","locations":[{"start":{"line":114,"column":12},"end":{"line":118,"column":13}},{"start":{"line":116,"column":19},"end":{"line":118,"column":13}}]},"16":{"loc":{"start":{"line":114,"column":16},"end":{"line":114,"column":71}},"type":"binary-expr","locations":[{"start":{"line":114,"column":16},"end":{"line":114,"column":41}},{"start":{"line":114,"column":45},"end":{"line":114,"column":71}}]},"17":{"loc":{"start":{"line":127,"column":69},"end":{"line":127,"column":104}},"type":"binary-expr","locations":[{"start":{"line":127,"column":69},"end":{"line":127,"column":88}},{"start":{"line":127,"column":92},"end":{"line":127,"column":104}}]},"18":{"loc":{"start":{"line":173,"column":21},"end":{"line":181,"column":null}},"type":"cond-expr","locations":[{"start":{"line":174,"column":24},"end":{"line":177,"column":202}},{"start":{"line":179,"column":24},"end":{"line":181,"column":197}}]},"19":{"loc":{"start":{"line":187,"column":21},"end":{"line":196,"column":null}},"type":"cond-expr","locations":[{"start":{"line":188,"column":24},"end":{"line":191,"column":64}},{"start":{"line":193,"column":24},"end":{"line":196,"column":65}}]}},"s":{"0":2,"1":2,"2":2,"3":2,"4":2,"5":2,"6":2,"7":2,"8":160,"9":160,"10":160,"11":160,"12":320,"13":160,"14":74,"15":74,"16":74,"17":74,"18":160,"19":29,"20":29,"21":28,"22":1,"23":5,"24":1,"25":1,"26":1,"27":1,"28":160,"29":74,"30":74,"31":10,"32":10,"33":3,"34":7,"35":64,"36":10,"37":10,"38":3,"39":7,"40":54,"41":10,"42":10,"43":2,"44":8,"45":1,"46":7,"47":44,"48":2,"49":2,"50":1,"51":1,"52":42,"53":2,"54":2,"55":1,"56":1,"57":40,"58":34,"59":34,"60":160,"61":47,"62":68,"63":47,"64":160,"65":160,"66":2},"f":{"0":160,"1":320,"2":74,"3":74,"4":29,"5":5,"6":74,"7":34,"8":47,"9":68},"b":{"0":[28],"1":[5,5],"2":[1],"3":[10,64],"4":[3,7],"5":[10,9],"6":[10,54],"7":[3,7],"8":[10,8],"9":[10,44],"10":[2,8],"11":[1,7],"12":[2,42],"13":[1,1],"14":[2,40],"15":[1,1],"16":[2,1],"17":[68,68],"18":[114,46],"19":[146,14]}}
,"/home/jakob/projects/liftLog/liftLogFrontend/src/hooks/useMultistepForm.ts": {"path":"/home/jakob/projects/liftLog/liftLogFrontend/src/hooks/useMultistepForm.ts","statementMap":{"0":{"start":{"line":1,"column":0},"end":{"line":1,"column":47}},"1":{"start":{"line":4,"column":42},"end":{"line":4,"column":53}},"2":{"start":{"line":7,"column":8},"end":{"line":14,"column":11}},"3":{"start":{"line":9,"column":12},"end":{"line":11,"column":13}},"4":{"start":{"line":10,"column":16},"end":{"line":10,"column":35}},"5":{"start":{"line":13,"column":12},"end":{"line":13,"column":25}},"6":{"start":{"line":18,"column":8},"end":{"line":25,"column":11}},"7":{"start":{"line":20,"column":12},"end":{"line":22,"column":13}},"8":{"start":{"line":21,"column":16},"end":{"line":21,"column":35}},"9":{"start":{"line":24,"column":12},"end":{"line":24,"column":25}},"10":{"start":{"line":28,"column":4},"end":{"line":34,"column":null}},"11":{"start":{"line":37,"column":0},"end":{"line":37,"column":32}}},"fnMap":{"0":{"name":"useMultistepForm","decl":{"start":{"line":3,"column":9},"end":{"line":3,"column":25}},"loc":{"start":{"line":3,"column":47},"end":{"line":35,"column":1}}},"1":{"name":"next","decl":{"start":{"line":6,"column":13},"end":{"line":6,"column":17}},"loc":{"start":{"line":6,"column":17},"end":{"line":15,"column":5}}},"2":{"name":"(anonymous_2)","decl":{"start":{"line":7,"column":23},"end":{"line":7,"column":24}},"loc":{"start":{"line":7,"column":27},"end":{"line":14,"column":9}}},"3":{"name":"back","decl":{"start":{"line":17,"column":13},"end":{"line":17,"column":17}},"loc":{"start":{"line":17,"column":17},"end":{"line":26,"column":5}}},"4":{"name":"(anonymous_4)","decl":{"start":{"line":18,"column":23},"end":{"line":18,"column":24}},"loc":{"start":{"line":18,"column":27},"end":{"line":25,"column":9}}}},"branchMap":{"0":{"loc":{"start":{"line":9,"column":12},"end":{"line":11,"column":13}},"type":"if","locations":[{"start":{"line":9,"column":12},"end":{"line":11,"column":13}}]},"1":{"loc":{"start":{"line":20,"column":12},"end":{"line":22,"column":13}},"type":"if","locations":[{"start":{"line":20,"column":12},"end":{"line":22,"column":13}}]}},"s":{"0":2,"1":160,"2":28,"3":28,"4":0,"5":28,"6":0,"7":0,"8":0,"9":0,"10":160,"11":2},"f":{"0":160,"1":28,"2":28,"3":0,"4":0},"b":{"0":[0],"1":[0]}}
,"/home/jakob/projects/liftLog/liftLogFrontend/src/tests/mocks/fileMock.ts": {"path":"/home/jakob/projects/liftLog/liftLogFrontend/src/tests/mocks/fileMock.ts","statementMap":{"0":{"start":{"line":1,"column":0},"end":{"line":1,"column":32}}},"fnMap":{},"branchMap":{},"s":{"0":2},"f":{},"b":{}}
}
