TN:
SF:src/App.tsx
FN:1,App
FNF:1
FNH:1
FNDA:1,App
DA:3,1
DA:12,1
LF:2
LH:2
BRF:0
BRH:0
end_of_record
TN:
SF:src/components/forms/LoginForm.tsx
FN:9,(anonymous_0)
FN:15,(anonymous_1)
FN:17,(anonymous_2)
FN:20,(anonymous_3)
FNF:4
FNH:3
FNDA:4,(anonymous_0)
FNDA:1,(anonymous_1)
FNDA:1,(anonymous_2)
FNDA:0,(anonymous_3)
DA:1,1
DA:2,1
DA:9,1
DA:10,4
DA:15,4
DA:16,1
DA:17,1
DA:20,4
DA:21,0
DA:22,0
DA:23,0
DA:27,4
DA:78,1
LF:13
LH:10
BRF:0
BRH:0
end_of_record
TN:
SF:src/components/forms/SignupForm/BodyTypeContainer.tsx
FN:13,(anonymous_0)
FNF:1
FNH:0
FNDA:0,(anonymous_0)
DA:13,2
DA:14,0
DA:34,2
LF:3
LH:2
BRF:0
BRH:0
end_of_record
TN:
SF:src/components/forms/SignupForm/BodyTypeForm.tsx
FN:23,(anonymous_1)
FN:29,(anonymous_2)
FNF:2
FNH:0
FNDA:0,(anonymous_1)
FNDA:0,(anonymous_2)
DA:3,2
DA:4,2
DA:5,2
DA:7,2
DA:17,2
DA:23,2
DA:25,0
DA:30,0
DA:36,2
LF:9
LH:7
BRF:0
BRH:0
end_of_record
TN:
SF:src/components/forms/SignupForm/EmailPasswordForm.tsx
FN:15,(anonymous_0)
FNF:1
FNH:0
FNDA:0,(anonymous_0)
DA:15,2
DA:16,0
DA:80,2
LF:3
LH:2
BRDA:56,0,0,0
BRDA:56,0,1,0
BRDA:75,1,0,0
BRDA:75,1,1,0
BRF:4
BRH:0
end_of_record
TN:
SF:src/components/forms/SignupForm/FirsLastNameForm.tsx
FN:12,(anonymous_0)
FNF:1
FNH:1
FNDA:8,(anonymous_0)
DA:12,2
DA:13,8
DA:54,2
LF:3
LH:3
BRF:0
BRH:0
end_of_record
TN:
SF:src/components/forms/SignupForm/GoalContainer.tsx
FN:11,(anonymous_0)
FNF:1
FNH:0
FNDA:0,(anonymous_0)
DA:11,2
DA:13,0
DA:33,2
LF:3
LH:2
BRF:0
BRH:0
end_of_record
TN:
SF:src/components/forms/SignupForm/GoalForm.tsx
FN:20,(anonymous_1)
FN:26,(anonymous_2)
FNF:2
FNH:0
FNDA:0,(anonymous_1)
FNDA:0,(anonymous_2)
DA:2,2
DA:12,2
DA:20,2
DA:21,0
DA:27,0
DA:33,2
LF:6
LH:4
BRF:0
BRH:0
end_of_record
TN:
SF:src/components/forms/SignupForm/HeightWeightForm.tsx
FN:15,(anonymous_0)
FNF:1
FNH:1
FNDA:10,(anonymous_0)
DA:15,2
DA:17,10
DA:92,2
LF:3
LH:3
BRDA:63,0,0,10
BRDA:63,0,1,8
BRDA:64,1,0,10
BRDA:64,1,1,4
BRDA:87,2,0,10
BRDA:87,2,1,2
BRF:6
BRH:6
end_of_record
TN:
SF:src/components/forms/SignupForm/SignupForm.tsx
FN:34,(anonymous_1)
FN:51,(anonymous_2)
FN:55,(anonymous_3)
FN:60,(anonymous_4)
FN:63,(anonymous_5)
FN:68,(anonymous_6)
FN:79,(anonymous_7)
FN:121,(anonymous_8)
FN:124,(anonymous_9)
FN:125,(anonymous_10)
FNF:10
FNH:9
FNDA:24,(anonymous_1)
FNDA:48,(anonymous_2)
FNDA:10,(anonymous_3)
FNDA:10,(anonymous_4)
FNDA:2,(anonymous_5)
FNDA:0,(anonymous_6)
FNDA:10,(anonymous_7)
FNDA:6,(anonymous_8)
FNDA:10,(anonymous_9)
FNDA:6,(anonymous_10)
DA:1,2
DA:3,2
DA:5,2
DA:6,2
DA:7,2
DA:8,2
DA:9,2
DA:34,2
DA:35,24
DA:48,24
DA:49,24
DA:51,24
DA:52,48
DA:55,24
DA:56,10
DA:58,10
DA:60,10
DA:63,24
DA:64,2
DA:66,2
DA:68,0
DA:70,0
DA:71,0
DA:72,0
DA:73,0
DA:79,24
DA:80,10
DA:82,10
DA:83,2
DA:84,2
DA:85,2
DA:87,0
DA:89,8
DA:90,2
DA:91,2
DA:92,2
DA:94,0
DA:96,6
DA:97,2
DA:98,2
DA:99,2
DA:101,0
DA:103,4
DA:104,0
DA:105,0
DA:106,0
DA:108,0
DA:110,4
DA:111,0
DA:112,0
DA:113,0
DA:115,0
DA:118,4
DA:121,6
DA:124,24
DA:125,10
DA:126,10
DA:129,24
DA:139,24
DA:203,2
LF:60
LH:44
BRDA:66,0,0,2
BRDA:68,1,0,0
BRDA:68,1,1,0
BRDA:70,2,0,0
BRDA:82,3,0,2
BRDA:82,3,1,8
BRDA:84,4,0,2
BRDA:84,4,1,0
BRDA:84,5,0,2
BRDA:84,5,1,2
BRDA:89,6,0,2
BRDA:89,6,1,6
BRDA:91,7,0,2
BRDA:91,7,1,0
BRDA:91,8,0,2
BRDA:91,8,1,0
BRDA:96,9,0,2
BRDA:96,9,1,4
BRDA:98,10,0,2
BRDA:98,10,1,0
BRDA:103,11,0,0
BRDA:103,11,1,4
BRDA:105,12,0,0
BRDA:105,12,1,0
BRDA:110,13,0,0
BRDA:110,13,1,4
BRDA:112,14,0,0
BRDA:112,14,1,0
BRDA:112,15,0,0
BRDA:112,15,1,0
BRDA:125,16,0,6
BRDA:125,16,1,6
BRDA:171,17,0,14
BRDA:171,17,1,10
BRDA:185,18,0,24
BRDA:185,18,1,0
BRF:36
BRH:20
end_of_record
TN:
SF:src/hooks/useMultistepForm.ts
FN:3,useMultistepForm
FN:6,next
FN:7,(anonymous_2)
FN:17,back
FN:18,(anonymous_4)
FNF:5
FNH:3
FNDA:24,useMultistepForm
FNDA:2,next
FNDA:2,(anonymous_2)
FNDA:0,back
FNDA:0,(anonymous_4)
DA:1,2
DA:4,24
DA:7,2
DA:9,2
DA:10,0
DA:13,2
DA:18,0
DA:20,0
DA:21,0
DA:24,0
DA:28,24
DA:37,2
LF:12
LH:7
BRDA:9,0,0,0
BRDA:20,1,0,0
BRF:2
BRH:0
end_of_record
TN:
SF:src/tests/mocks/fileMock.ts
FNF:0
FNH:0
DA:1,2
LF:1
LH:1
BRF:0
BRH:0
end_of_record
